\BOOKMARK [0][]{chapter.1}{\376\377\0001\000\040\122\115\212\000}{}% 1
\BOOKMARK [1][]{section.1.1}{\376\377\0001\000.\0001\000\040\000\040\154\341\116\000\147\157\203\066}{chapter.1}% 2
\BOOKMARK [1][]{section.1.2}{\376\377\0001\000.\0002\000\040\000\040\116\300\116\110\146\057\126\376\134\102\155\367\124\010\152\041\137\017}{chapter.1}% 3
\BOOKMARK [0][]{chapter.2}{\376\377\0002\000\040\000\040\122\115\177\156\151\202\137\365}{}% 4
\BOOKMARK [1][]{section.2.1}{\376\377\0002\000.\0001\000\040\000\040\120\317\175\040\160\271}{chapter.2}% 5
\BOOKMARK [1][]{section.2.2}{\376\377\0002\000.\0002\000\040\000\040\202\162\137\151\172\172\225\364}{chapter.2}% 6
\BOOKMARK [2][]{subsection.2.2.1}{\376\377\0002\000.\0002\000.\0001\000\040\000\040\000R\000G\000B}{section.2.2}% 7
\BOOKMARK [2][]{subsection.2.2.2}{\376\377\0002\000.\0002\000.\0002\000\040\000\040\000H\000S\000Y}{section.2.2}% 8
\BOOKMARK [1][]{section.2.3}{\376\377\0002\000.\0003\000\040\126\376\134\102}{chapter.2}% 9
\BOOKMARK [2][]{subsection.2.3.1}{\376\377\0002\000.\0003\000.\0001\000\040\000R\000G\000B\210\150\171\072\154\325}{section.2.3}% 10
\BOOKMARK [2][]{subsection.2.3.2}{\376\377\0002\000.\0003\000.\0002\000\040\000H\000S\000Y\210\150\171\072\154\325}{section.2.3}% 11
\BOOKMARK [2][]{subsection.2.3.3}{\376\377\0002\000.\0003\000.\0003\000\040\155\211\123\312\126\376\134\102}{section.2.3}% 12
\BOOKMARK [1][]{section.2.4}{\376\377\0002\000.\0004\000\040\120\317\175\040\155\367\124\010\126\376\117\213}{chapter.2}% 13
\BOOKMARK [1][]{section.2.5}{\376\377\0002\000.\0005\000\040\126\376\134\102\131\047\134\017\000\040}{chapter.2}% 14
\BOOKMARK [1][]{section.2.6}{\376\377\0002\000.\0006\000\040\146\040\134\004\227\142}{chapter.2}% 15
\BOOKMARK [2][]{subsection.2.6.1}{\376\377\0002\000.\0006\000.\0001\000\040\000\040\146\040\134\004\227\142\171\072\117\213}{section.2.6}% 16
\BOOKMARK [2][]{subsection.2.6.2}{\376\377\0002\000.\0006\000.\0002\000\040\000\040\124\014\126\376\136\163\227\142}{section.2.6}% 17
\BOOKMARK [2][]{subsection.2.6.3}{\376\377\0002\000.\0006\000.\0003\000\040\000\040\124\014\126\376\155\367\124\010\146\362\176\277}{section.2.6}% 18
\BOOKMARK [2][]{subsection.2.6.4}{\376\377\0002\000.\0006\000.\0004\000\040\000\040\116\055\140\047\160\160\136\163\227\142}{section.2.6}% 19
\BOOKMARK [3][]{subsubsection.2.6.4.1}{\376\377\0002\000.\0006\000.\0004\000.\0001\000\040\000\040\127\372\170\100\126\376\134\102\166\204\116\055\140\047\160\160\136\163\227\142}{subsection.2.6.4}% 20
\BOOKMARK [3][]{subsubsection.2.6.4.2}{\376\377\0002\000.\0006\000.\0004\000.\0002\000\040\000\040\155\367\124\010\126\376\134\102\166\204\116\055\140\047\160\160\136\163\227\142}{subsection.2.6.4}% 21
\BOOKMARK [1][]{section.2.7}{\376\377\0002\000.\0007\000\040\000\040\121\163\174\373\140\073\143\375}{chapter.2}% 22
\BOOKMARK [2][]{subsection.2.7.1}{\376\377\0002\000.\0007\000.\0001\000\040\000\040\162\171\153\212\121\163\174\373}{section.2.7}% 23
\BOOKMARK [2][]{subsection.2.7.2}{\376\377\0002\000.\0007\000.\0002\000\040\000\040\123\357\217\154\143\142}{section.2.7}% 24
\BOOKMARK [2][]{subsection.2.7.3}{\376\377\0002\000.\0007\000.\0003\000\040\000\040\116\222\220\006\377\010\123\357\116\244\143\142\377\011}{section.2.7}% 25
\BOOKMARK [2][]{subsection.2.7.4}{\376\377\0002\000.\0007\000.\0004\000\040\000\040\176\304\142\020}{section.2.7}% 26
\BOOKMARK [0][]{chapter.3}{\376\377\0003\000\040\217\320\173\227\166\370\121\163}{}% 27
\BOOKMARK [1][]{section.3.1}{\376\377\0003\000.\0001\000\040\000\040\137\122\116\000\123\026\144\315\117\134}{chapter.3}% 28
\BOOKMARK [1][]{section.3.2}{\376\377\0003\000.\0002\000\040\000\040\116\000\116\233\217\320\173\227\211\304\122\031}{chapter.3}% 29
\BOOKMARK [2][]{subsection.3.2.1}{\376\377\0003\000.\0002\000.\0001\000\040\220\032\220\123\176\247\122\053}{section.3.2}% 30
\BOOKMARK [2][]{subsection.3.2.2}{\376\377\0003\000.\0002\000.\0002\000\040\000\040\120\317\175\040\176\247\122\053}{section.3.2}% 31
\BOOKMARK [2][]{subsection.3.2.3}{\376\377\0003\000.\0002\000.\0003\000\040\000\040\126\376\134\102\176\247\122\053}{section.3.2}% 32
\BOOKMARK [2][]{subsection.3.2.4}{\376\377\0003\000.\0002\000.\0004\000\040\000H\000S\000Y\166\204\217\320\173\227}{section.3.2}% 33
\BOOKMARK [1][]{section.3.3}{\376\377\0003\000.\0003\000\040\000\040\155\367\124\010\152\041\137\017\166\370\121\163\173\046\123\367}{chapter.3}% 34
\BOOKMARK [1][]{section.3.4}{\376\377\0003\000.\0004\000\040\000\040\217\205\122\251\213\241\173\227\172\013\136\217}{chapter.3}% 35
\BOOKMARK [1][]{section.3.5}{\376\377\0003\000.\0005\000\040\000\040\155\367\124\010\152\041\137\017\166\204\176\304\124\010}{chapter.3}% 36
\BOOKMARK [0][]{chapter.4}{\376\377\0004\000\040\116\015\220\017\146\016\136\246\124\214\130\153\121\105}{}% 37
\BOOKMARK [1][]{section.4.1}{\376\377\0004\000.\0001\000\040\127\050\124\352}{chapter.4}% 38
\BOOKMARK [1][]{section.4.2}{\376\377\0004\000.\0002\000\040\000\040\116\015\220\017\146\016\136\246\124\214\130\153\121\105\121\154\137\017}{chapter.4}% 39
\BOOKMARK [1][]{section.4.3}{\376\377\0004\000.\0003\000\040\123\125\176\257\155\367\124\010\152\041\137\017\116\016\116\214\200\005\117\177\165\050\166\204\123\072\122\053}{chapter.4}% 40
\BOOKMARK [1][]{section.4.4}{\376\377\0004\000.\0004\000\040\000\040\116\343\170\001\133\236\163\260}{chapter.4}% 41
\BOOKMARK [2][]{subsection.4.4.1}{\376\377\0004\000.\0004\000.\0001\000\040\116\015\220\017\146\016\136\246}{section.4.4}% 42
\BOOKMARK [2][]{subsection.4.4.2}{\376\377\0004\000.\0004\000.\0002\000\040\130\153\121\105}{section.4.4}% 43
\BOOKMARK [1][]{section.4.5}{\376\377\0004\000.\0005\000\040\116\015\220\017\146\016\136\246\124\214\130\153\121\105\116\016\126\376\134\102\150\067\137\017}{chapter.4}% 44
\BOOKMARK [0][]{chapter.5}{\376\377\0005\000\040\126\376\134\102\155\367\124\010\152\041\137\017\166\204\171\315\174\173}{}% 45
\BOOKMARK [1][]{section.5.1}{\376\377\0005\000.\0001\000\040\000\040\202\162\137\151\172\172\225\364\122\006\174\173}{chapter.5}% 46
\BOOKMARK [2][]{subsection.5.1.1}{\376\377\0005\000.\0001\000.\0001\000\040\000\040\000R\000G\000B}{section.5.1}% 47
\BOOKMARK [2][]{subsection.5.1.2}{\376\377\0005\000.\0001\000.\0002\000\040\000\040\000H\000S\000Y}{section.5.1}% 48
\BOOKMARK [1][]{section.5.2}{\376\377\0005\000.\0002\000\040\000\040\146\057\124\046\116\247\165\037\145\260\166\204\145\160\120\074}{chapter.5}% 49
\BOOKMARK [2][]{subsection.5.2.1}{\376\377\0005\000.\0002\000.\0001\000\040\000\040\146\377\143\142\137\017}{section.5.2}% 50
\BOOKMARK [2][]{subsection.5.2.2}{\376\377\0005\000.\0002\000.\0002\000\040\000\040\207\215\124\010\137\017}{section.5.2}% 51
\BOOKMARK [1][]{section.5.3}{\376\377\0005\000.\0003\000\040\000\040\146\057\124\046\230\172\136\217\166\370\121\163}{chapter.5}% 52
\BOOKMARK [2][]{subsection.5.3.1}{\376\377\0005\000.\0003\000.\0001\000\040\000\040\230\172\136\217\145\340\121\163}{section.5.3}% 53
\BOOKMARK [2][]{subsection.5.3.2}{\376\377\0005\000.\0003\000.\0002\000\040\000\040\230\172\136\217\166\370\121\163}{section.5.3}% 54
\BOOKMARK [1][]{section.5.4}{\376\377\0005\000.\0004\000\040\000\040\146\057\124\046\000f\000i\000l\000l\124\214\000O\000p\000a\000c\000i\000t\000y\116\015\124\014}{chapter.5}% 55
\BOOKMARK [2][]{subsection.5.4.1}{\376\377\0005\000.\0004\000.\0001\000\040\000\040\000f\000i\000l\000l\124\214\000O\000p\000a\000c\000i\000t\000y\116\247\165\037\116\015\124\014\137\161\124\315}{section.5.4}% 56
\BOOKMARK [2][]{subsection.5.4.2}{\376\377\0005\000.\0004\000.\0002\000\040\000\040\000f\000i\000l\000l\124\214\000O\000p\000a\000c\000i\000t\000y\116\247\165\037\166\370\124\014\137\161\124\315}{section.5.4}% 57
\BOOKMARK [0][]{chapter.6}{\376\377\0006\000\040\146\156\220\032\176\304}{}% 58
\BOOKMARK [1][]{section.6.1}{\376\377\0006\000.\0001\000\040\000\040\153\143\136\070\000N\000o\000r\000m\000a\000l}{chapter.6}% 59
\BOOKMARK [2][]{subsection.6.1.1}{\376\377\0006\000.\0001\000.\0001\000\040\000\040\121\154\137\017\000\050\154\341\203\066\166\204\145\271\137\017\377\014\153\324\131\202\144\005\142\314\060\001\227\131\177\156\000\051}{section.6.1}% 60
\BOOKMARK [2][]{subsection.6.1.2}{\376\377\0006\000.\0001\000.\0002\000\040\000\040\207\215\124\010\130\153\121\105\000\050\145\076\131\032\134\021\203\066\123\366\000\051}{section.6.1}% 61
\BOOKMARK [2][]{subsection.6.1.3}{\376\377\0006\000.\0001\000.\0003\000\040\000\040\207\215\124\010\116\015\220\017\146\016\136\246\000\050\131\052\202\346\116\206\377\014\147\000\124\016\122\240\160\271\154\064\000\051}{section.6.1}% 62
\BOOKMARK [2][]{subsection.6.1.4}{\376\377\0006\000.\0001\000.\0004\000\040\000\040\145\164\116\052\120\317\175\040\207\215\124\010\130\153\121\105}{section.6.1}% 63
\BOOKMARK [2][]{subsection.6.1.5}{\376\377\0006\000.\0001\000.\0005\000\040\000\040\145\164\116\052\120\317\175\040\207\215\124\010\116\015\220\017\146\016\136\246}{section.6.1}% 64
\BOOKMARK [2][]{subsection.6.1.6}{\376\377\0006\000.\0001\000.\0006\000\040\000\040\172\013\136\217\152\041\142\337\213\345\152\041\137\017\213\241\173\227\176\323\147\234}{section.6.1}% 65
\BOOKMARK [2][]{subsection.6.1.7}{\376\377\0006\000.\0001\000.\0007\000\040\000\040\232\214\213\301}{section.6.1}% 66
\BOOKMARK [1][]{section.6.2}{\376\377\0006\000.\0002\000\040\000\040\156\266\211\343\000D\000i\000s\000s\000o\000l\000v\000e}{chapter.6}% 67
\BOOKMARK [2][]{subsection.6.2.1}{\376\377\0006\000.\0002\000.\0001\000\040\000\040\156\266\211\343\152\041\137\017\122\035\131\313\121\154\137\017}{section.6.2}% 68
\BOOKMARK [2][]{subsection.6.2.2}{\376\377\0006\000.\0002\000.\0002\000\040\000\040\131\202\147\234\207\215\124\010\116\206\130\153\121\105}{section.6.2}% 69
\BOOKMARK [2][]{subsection.6.2.3}{\376\377\0006\000.\0002\000.\0003\000\040\000\040\172\013\136\217\152\041\142\337\213\345\152\041\137\017\213\241\173\227\176\323\147\234}{section.6.2}% 70
\BOOKMARK [2][]{subsection.6.2.4}{\376\377\0006\000.\0002\000.\0004\000\040\000\040\232\214\213\301}{section.6.2}% 71
\BOOKMARK [2][]{subsection.6.2.5}{\376\377\0006\000.\0002\000.\0005\000\040\000\040\165\050\220\024\171\072\117\213}{section.6.2}% 72
\BOOKMARK [0][]{chapter.7}{\376\377\0007\000\040\123\330\146\227\176\304}{}% 73
\BOOKMARK [1][]{section.7.1}{\376\377\0007\000.\0001\000\040\000\040\123\330\146\227\152\041\137\017\000D\000a\000r\000k\000e\000n}{chapter.7}% 74
\BOOKMARK [2][]{subsection.7.1.1}{\376\377\0007\000.\0001\000.\0001\000\040\000\040\121\154\137\017}{section.7.1}% 75
\BOOKMARK [2][]{subsection.7.1.2}{\376\377\0007\000.\0001\000.\0002\000\040\000\040\207\215\124\010\130\153\121\105}{section.7.1}% 76
\BOOKMARK [2][]{subsection.7.1.3}{\376\377\0007\000.\0001\000.\0003\000\040\000\040\207\215\124\010\116\015\220\017\146\016\136\246}{section.7.1}% 77
\BOOKMARK [2][]{subsection.7.1.4}{\376\377\0007\000.\0001\000.\0004\000\040\000\040\146\040\134\004\227\142\124\214\124\014\126\376\173\111\145\110\146\362\176\277}{section.7.1}% 78
\BOOKMARK [2][]{subsection.7.1.5}{\376\377\0007\000.\0001\000.\0005\000\040\000\040\172\013\136\217\152\041\142\337\213\345\152\041\137\017\213\241\173\227\176\323\147\234}{section.7.1}% 79
\BOOKMARK [2][]{subsection.7.1.6}{\376\377\0007\000.\0001\000.\0006\000\040\000\040\232\214\213\301}{section.7.1}% 80
\BOOKMARK [1][]{section.7.2}{\376\377\0007\000.\0002\000\040\000\040\153\143\162\107\123\340\136\225\000M\000u\000l\000t\000i\000p\000l\000y}{chapter.7}% 81
\BOOKMARK [2][]{subsection.7.2.1}{\376\377\0007\000.\0002\000.\0001\000\040\000\040\121\154\137\017}{section.7.2}% 82
\BOOKMARK [2][]{subsection.7.2.2}{\376\377\0007\000.\0002\000.\0002\000\040\000\040\207\215\124\010\130\153\121\105}{section.7.2}% 83
\BOOKMARK [2][]{subsection.7.2.3}{\376\377\0007\000.\0002\000.\0003\000\040\000\040\207\215\124\010\116\015\220\017\146\016\136\246}{section.7.2}% 84
\BOOKMARK [2][]{subsection.7.2.4}{\376\377\0007\000.\0002\000.\0004\000\040\000\040\146\040\134\004\227\142\124\214\124\014\126\376\173\111\145\110\146\362\176\277}{section.7.2}% 85
\BOOKMARK [2][]{subsection.7.2.5}{\376\377\0007\000.\0002\000.\0005\000\040\000\040\124\014\126\376\146\362\176\277\210\150\217\276\137\017}{section.7.2}% 86
\BOOKMARK [2][]{subsection.7.2.6}{\376\377\0007\000.\0002\000.\0006\000\040\000\040\172\013\136\217\152\041\142\337\213\345\152\041\137\017\213\241\173\227\176\323\147\234}{section.7.2}% 87
\BOOKMARK [2][]{subsection.7.2.7}{\376\377\0007\000.\0002\000.\0007\000\040\000\040\232\214\213\301}{section.7.2}% 88
\BOOKMARK [1][]{section.7.3}{\376\377\0007\000.\0003\000\040\000\040\176\277\140\047\122\240\155\361\000L\000i\000n\000e\000a\000r\000B\000u\000r\000n}{chapter.7}% 89
\BOOKMARK [2][]{subsection.7.3.1}{\376\377\0007\000.\0003\000.\0001\000\040\000\040\121\154\137\017}{section.7.3}% 90
\BOOKMARK [2][]{subsection.7.3.2}{\376\377\0007\000.\0003\000.\0002\000\040\000\040\207\215\124\010\130\153\121\105}{section.7.3}% 91
\BOOKMARK [2][]{subsection.7.3.3}{\376\377\0007\000.\0003\000.\0003\000\040\000\040\207\215\124\010\116\015\220\017\146\016\136\246}{section.7.3}% 92
\BOOKMARK [2][]{subsection.7.3.4}{\376\377\0007\000.\0003\000.\0004\000\040\000\040\146\040\134\004\227\142\124\214\124\014\126\376\173\111\145\110\146\362\176\277}{section.7.3}% 93
\BOOKMARK [2][]{subsection.7.3.5}{\376\377\0007\000.\0003\000.\0005\000\040\000\040\124\014\126\376\146\362\176\277\210\150\217\276\137\017}{section.7.3}% 94
\BOOKMARK [2][]{subsection.7.3.6}{\376\377\0007\000.\0003\000.\0006\000\040\000\040\172\013\136\217\152\041\142\337\213\345\152\041\137\017\213\241\173\227\176\323\147\234}{section.7.3}% 95
\BOOKMARK [2][]{subsection.7.3.7}{\376\377\0007\000.\0003\000.\0007\000\040\000\040\232\214\213\301}{section.7.3}% 96
\BOOKMARK [1][]{section.7.4}{\376\377\0007\000.\0004\000\040\000\040\230\234\202\162\122\240\155\361\000C\000o\000l\000o\000r\000B\000u\000r\000n}{chapter.7}% 97
\BOOKMARK [2][]{subsection.7.4.1}{\376\377\0007\000.\0004\000.\0001\000\040\000\040\121\154\137\017}{section.7.4}% 98
\BOOKMARK [2][]{subsection.7.4.2}{\376\377\0007\000.\0004\000.\0002\000\040\000\040\207\215\124\010\130\153\121\105}{section.7.4}% 99
\BOOKMARK [2][]{subsection.7.4.3}{\376\377\0007\000.\0004\000.\0003\000\040\000\040\207\215\124\010\116\015\220\017\146\016\136\246}{section.7.4}% 100
\BOOKMARK [2][]{subsection.7.4.4}{\376\377\0007\000.\0004\000.\0004\000\040\000\040\146\040\134\004\227\142\124\214\124\014\126\376\173\111\145\110\146\362\176\277}{section.7.4}% 101
\BOOKMARK [2][]{subsection.7.4.5}{\376\377\0007\000.\0004\000.\0005\000\040\000\040\124\014\126\376\146\362\176\277\210\150\217\276\137\017}{section.7.4}% 102
\BOOKMARK [2][]{subsection.7.4.6}{\376\377\0007\000.\0004\000.\0006\000\040\000\040\116\044\153\041\215\037\162\107\217\154\122\022\122\006}{section.7.4}% 103
\BOOKMARK [2][]{subsection.7.4.7}{\376\377\0007\000.\0004\000.\0007\000\040\000\040\172\013\136\217\152\041\142\337\213\345\152\041\137\017\213\241\173\227\176\323\147\234}{section.7.4}% 104
\BOOKMARK [2][]{subsection.7.4.8}{\376\377\0007\000.\0004\000.\0008\000\040\000\040\232\214\213\301}{section.7.4}% 105
\BOOKMARK [1][]{section.7.5}{\376\377\0007\000.\0005\000\040\000\040\155\361\202\162\000D\000a\000r\000k\000e\000r}{chapter.7}% 106
\BOOKMARK [2][]{subsection.7.5.1}{\376\377\0007\000.\0005\000.\0001\000\040\000\040\121\154\137\017}{section.7.5}% 107
\BOOKMARK [2][]{subsection.7.5.2}{\376\377\0007\000.\0005\000.\0002\000\040\000\040\207\215\124\010\130\153\121\105}{section.7.5}% 108
\BOOKMARK [2][]{subsection.7.5.3}{\376\377\0007\000.\0005\000.\0003\000\040\000\040\207\215\124\010\116\015\220\017\146\016\136\246}{section.7.5}% 109
\BOOKMARK [2][]{subsection.7.5.4}{\376\377\0007\000.\0005\000.\0004\000\040\000\040\146\040\134\004\227\142\124\214\124\014\126\376\173\111\145\110\146\362\176\277}{section.7.5}% 110
\BOOKMARK [2][]{subsection.7.5.5}{\376\377\0007\000.\0005\000.\0005\000\040\000\040\172\013\136\217\152\041\142\337\213\345\152\041\137\017\213\241\173\227\176\323\147\234}{section.7.5}% 111
\BOOKMARK [2][]{subsection.7.5.6}{\376\377\0007\000.\0005\000.\0006\000\040\000\040\232\214\213\301}{section.7.5}% 112
\BOOKMARK [0][]{chapter.8}{\376\377\0008\000\040\123\330\116\256\176\304}{}% 113
\BOOKMARK [1][]{section.8.1}{\376\377\0008\000.\0001\000\040\000\040\123\330\116\256\000L\000i\000g\000h\000t\000e\000n}{chapter.8}% 114
\BOOKMARK [2][]{subsection.8.1.1}{\376\377\0008\000.\0001\000.\0001\000\040\000\040\121\154\137\017}{section.8.1}% 115
\BOOKMARK [2][]{subsection.8.1.2}{\376\377\0008\000.\0001\000.\0002\000\040\000\040\207\215\124\010\130\153\121\105}{section.8.1}% 116
\BOOKMARK [2][]{subsection.8.1.3}{\376\377\0008\000.\0001\000.\0003\000\040\000\040\207\215\124\010\116\015\220\017\146\016\136\246}{section.8.1}% 117
\BOOKMARK [2][]{subsection.8.1.4}{\376\377\0008\000.\0001\000.\0004\000\040\000\040\116\011\153\041\215\037\162\107\144\315\117\134\166\370\116\222\217\154\143\142}{section.8.1}% 118
\BOOKMARK [2][]{subsection.8.1.5}{\376\377\0008\000.\0001\000.\0005\000\040\000\040\146\040\134\004\227\142\124\214\124\014\126\376\173\111\145\110\146\362\176\277}{section.8.1}% 119
\BOOKMARK [2][]{subsection.8.1.6}{\376\377\0008\000.\0001\000.\0006\000\040\000\040\172\013\136\217\152\041\142\337\213\345\152\041\137\017\213\241\173\227\176\323\147\234}{section.8.1}% 120
\BOOKMARK [2][]{subsection.8.1.7}{\376\377\0008\000.\0001\000.\0007\000\040\000\040\232\214\213\301}{section.8.1}% 121
\BOOKMARK [1][]{section.8.2}{\376\377\0008\000.\0002\000\040\000\040\156\344\202\162\000S\000c\000r\000e\000e\000n}{chapter.8}% 122
\BOOKMARK [2][]{subsection.8.2.1}{\376\377\0008\000.\0002\000.\0001\000\040\000\040\121\154\137\017}{section.8.2}% 123
\BOOKMARK [2][]{subsection.8.2.2}{\376\377\0008\000.\0002\000.\0002\000\040\000\040\207\215\124\010\130\153\121\105}{section.8.2}% 124
\BOOKMARK [2][]{subsection.8.2.3}{\376\377\0008\000.\0002\000.\0003\000\040\000\040\207\215\124\010\116\015\220\017\146\016\136\246}{section.8.2}% 125
\BOOKMARK [2][]{subsection.8.2.4}{\376\377\0008\000.\0002\000.\0004\000\040\000\040\116\011\153\041\215\037\162\107\144\315\117\134\166\370\116\222\217\154\143\142}{section.8.2}% 126
\BOOKMARK [2][]{subsection.8.2.5}{\376\377\0008\000.\0002\000.\0005\000\040\000\040\146\040\134\004\227\142\124\214\124\014\126\376\173\111\145\110\146\362\176\277}{section.8.2}% 127
\BOOKMARK [2][]{subsection.8.2.6}{\376\377\0008\000.\0002\000.\0006\000\040\000\040\172\013\136\217\152\041\142\337\213\345\152\041\137\017\213\241\173\227\176\323\147\234}{section.8.2}% 128
\BOOKMARK [2][]{subsection.8.2.7}{\376\377\0008\000.\0002\000.\0007\000\040\000\040\232\214\213\301}{section.8.2}% 129
\BOOKMARK [1][]{section.8.3}{\376\377\0008\000.\0003\000\040\000\040\176\277\140\047\121\317\155\341\000L\000i\000n\000e\000a\000r\000D\000o\000d\000g\000e}{chapter.8}% 130
\BOOKMARK [2][]{subsection.8.3.1}{\376\377\0008\000.\0003\000.\0001\000\040\000\040\121\154\137\017}{section.8.3}% 131
\BOOKMARK [2][]{subsection.8.3.2}{\376\377\0008\000.\0003\000.\0002\000\040\000\040\207\215\124\010\130\153\121\105}{section.8.3}% 132
\BOOKMARK [2][]{subsection.8.3.3}{\376\377\0008\000.\0003\000.\0003\000\040\000\040\207\215\124\010\116\015\220\017\146\016\136\246}{section.8.3}% 133
\BOOKMARK [2][]{subsection.8.3.4}{\376\377\0008\000.\0003\000.\0004\000\040\000\040\116\011\153\041\215\037\162\107\144\315\117\134\166\370\116\222\217\154\143\142}{section.8.3}% 134
\BOOKMARK [2][]{subsection.8.3.5}{\376\377\0008\000.\0003\000.\0005\000\040\000\040\146\040\134\004\227\142\124\214\124\014\126\376\173\111\145\110\146\362\176\277}{section.8.3}% 135
\BOOKMARK [2][]{subsection.8.3.6}{\376\377\0008\000.\0003\000.\0006\000\040\000\040\172\013\136\217\152\041\142\337\213\345\152\041\137\017\213\241\173\227\176\323\147\234}{section.8.3}% 136
\BOOKMARK [2][]{subsection.8.3.7}{\376\377\0008\000.\0003\000.\0007\000\040\000\040\232\214\213\301}{section.8.3}% 137
\BOOKMARK [1][]{section.8.4}{\376\377\0008\000.\0004\000\040\000\040\230\234\202\162\121\317\155\341\000C\000o\000l\000o\000r\000D\000o\000d\000g\000e}{chapter.8}% 138
\BOOKMARK [2][]{subsection.8.4.1}{\376\377\0008\000.\0004\000.\0001\000\040\000\040\121\154\137\017}{section.8.4}% 139
\BOOKMARK [2][]{subsection.8.4.2}{\376\377\0008\000.\0004\000.\0002\000\040\000\040\207\215\124\010\130\153\121\105}{section.8.4}% 140
\BOOKMARK [2][]{subsection.8.4.3}{\376\377\0008\000.\0004\000.\0003\000\040\000\040\207\215\124\010\116\015\220\017\146\016\136\246}{section.8.4}% 141
\BOOKMARK [2][]{subsection.8.4.4}{\376\377\0008\000.\0004\000.\0004\000\040\176\323\124\010\215\037\162\107\144\315\117\134\124\214\121\166\116\326\152\041\137\017\116\222\217\154}{section.8.4}% 142
\BOOKMARK [3][]{subsubsection.8.4.4.1}{\376\377\0008\000.\0004\000.\0004\000.\0001\000\040\000\040\116\011\153\041\215\037\162\107\144\315\117\134\217\154\143\142\116\072\230\234\202\162\122\240\155\361}{subsection.8.4.4}% 143
\BOOKMARK [3][]{subsubsection.8.4.4.2}{\376\377\0008\000.\0004\000.\0004\000.\0002\000\040\000\040\116\000\153\041\215\037\162\107\217\154\116\072\122\022\122\006}{subsection.8.4.4}% 144
\BOOKMARK [2][]{subsection.8.4.5}{\376\377\0008\000.\0004\000.\0005\000\040\000\040\146\040\134\004\227\142\124\214\124\014\126\376\173\111\145\110\146\362\176\277}{section.8.4}% 145
\BOOKMARK [2][]{subsection.8.4.6}{\376\377\0008\000.\0004\000.\0006\000\040\000\040\172\013\136\217\152\041\142\337\213\345\152\041\137\017\213\241\173\227\176\323\147\234}{section.8.4}% 146
\BOOKMARK [2][]{subsection.8.4.7}{\376\377\0008\000.\0004\000.\0007\000\040\000\040\232\214\213\301}{section.8.4}% 147
\BOOKMARK [2][]{subsection.8.4.8}{\376\377\0008\000.\0004\000.\0008\000\040\000\040\165\050\220\024\171\072\117\213}{section.8.4}% 148
\BOOKMARK [1][]{section.8.5}{\376\377\0008\000.\0005\000\040\000\040\155\105\202\162\000L\000i\000g\000h\000t\000e\000r}{chapter.8}% 149
\BOOKMARK [2][]{subsection.8.5.1}{\376\377\0008\000.\0005\000.\0001\000\040\000\040\121\154\137\017}{section.8.5}% 150
\BOOKMARK [2][]{subsection.8.5.2}{\376\377\0008\000.\0005\000.\0002\000\040\000\040\207\215\124\010\130\153\121\105}{section.8.5}% 151
\BOOKMARK [2][]{subsection.8.5.3}{\376\377\0008\000.\0005\000.\0003\000\040\000\040\207\215\124\010\116\015\220\017\146\016\136\246}{section.8.5}% 152
\BOOKMARK [2][]{subsection.8.5.4}{\376\377\0008\000.\0005\000.\0004\000\040\000\040\116\011\153\041\215\037\162\107\144\315\117\134\166\370\116\222\217\154\143\142}{section.8.5}% 153
\BOOKMARK [2][]{subsection.8.5.5}{\376\377\0008\000.\0005\000.\0005\000\040\000\040\172\013\136\217\152\041\142\337\213\345\152\041\137\017\213\241\173\227\176\323\147\234}{section.8.5}% 154
\BOOKMARK [2][]{subsection.8.5.6}{\376\377\0008\000.\0005\000.\0006\000\040\000\040\232\214\213\301}{section.8.5}% 155
\BOOKMARK [0][]{chapter.9}{\376\377\0009\000\040\133\371\153\324\136\246\176\304}{}% 156
\BOOKMARK [1][]{section.9.1}{\376\377\0009\000.\0001\000\040\000\040\123\340\122\240\000O\000v\000e\000r\000l\000a\000y}{chapter.9}% 157
\BOOKMARK [2][]{subsection.9.1.1}{\376\377\0009\000.\0001\000.\0001\000\040\000\040\121\154\137\017}{section.9.1}% 158
\BOOKMARK [2][]{subsection.9.1.2}{\376\377\0009\000.\0001\000.\0002\000\040\000\040\146\040\134\004\227\142\124\214\124\014\126\376\173\111\145\110\146\362\176\277}{section.9.1}% 159
\BOOKMARK [2][]{subsection.9.1.3}{\376\377\0009\000.\0001\000.\0003\000\040\000\040\172\013\136\217\152\041\142\337\213\345\152\041\137\017\213\241\173\227\176\323\147\234}{section.9.1}% 160
\BOOKMARK [2][]{subsection.9.1.4}{\376\377\0009\000.\0001\000.\0004\000\040\000\040\232\214\213\301}{section.9.1}% 161
\BOOKMARK [2][]{subsection.9.1.5}{\376\377\0009\000.\0001\000.\0005\000\040\000\040\165\050\220\024\171\072\117\213}{section.9.1}% 162
\BOOKMARK [1][]{section.9.2}{\376\377\0009\000.\0002\000\040\000\040\147\324\121\111\000S\000o\000f\000t\000L\000i\000g\000h\000t}{chapter.9}% 163
\BOOKMARK [1][]{section.9.3}{\376\377\0009\000.\0003\000\040\117\075\232\154\167\353\153\143}{chapter.9}% 164
\BOOKMARK [2][]{subsection.9.3.1}{\376\377\0009\000.\0003\000.\0001\000\040\000\040\121\154\137\017}{section.9.3}% 165
\BOOKMARK [2][]{subsection.9.3.2}{\376\377\0009\000.\0003\000.\0002\000\040\000\040\146\040\134\004\227\142\124\214\124\014\126\376\173\111\145\110\146\362\176\277}{section.9.3}% 166
\BOOKMARK [2][]{subsection.9.3.3}{\376\377\0009\000.\0003\000.\0003\000\040\000\040\172\013\136\217\152\041\142\337\213\345\152\041\137\017\213\241\173\227\176\323\147\234}{section.9.3}% 167
\BOOKMARK [2][]{subsection.9.3.4}{\376\377\0009\000.\0003\000.\0004\000\040\000\040\232\214\213\301}{section.9.3}% 168
\BOOKMARK [1][]{section.9.4}{\376\377\0009\000.\0004\000\040\000\040\137\072\121\111\000H\000a\000r\000d\000L\000i\000g\000h\000t}{chapter.9}% 169
\BOOKMARK [2][]{subsection.9.4.1}{\376\377\0009\000.\0004\000.\0001\000\040\000\040\121\154\137\017}{section.9.4}% 170
\BOOKMARK [2][]{subsection.9.4.2}{\376\377\0009\000.\0004\000.\0002\000\040\000\040\124\214\130\153\121\105\176\323\124\010}{section.9.4}% 171
\BOOKMARK [2][]{subsection.9.4.3}{\376\377\0009\000.\0004\000.\0003\000\040\000\040\207\215\124\010\116\015\220\017\146\016\136\246}{section.9.4}% 172
\BOOKMARK [2][]{subsection.9.4.4}{\376\377\0009\000.\0004\000.\0004\000\040\000\040\146\040\134\004\227\142\124\214\124\014\126\376\173\111\145\110\146\362\176\277}{section.9.4}% 173
\BOOKMARK [2][]{subsection.9.4.5}{\376\377\0009\000.\0004\000.\0005\000\040\000\040\172\013\136\217\152\041\142\337\213\345\152\041\137\017\213\241\173\227\176\323\147\234}{section.9.4}% 174
\BOOKMARK [2][]{subsection.9.4.6}{\376\377\0009\000.\0004\000.\0006\000\040\000\040\232\214\213\301}{section.9.4}% 175
\BOOKMARK [1][]{section.9.5}{\376\377\0009\000.\0005\000\040\000\040\176\277\140\047\121\111\000L\000i\000n\000e\000a\000r\000L\000i\000g\000h\000t}{chapter.9}% 176
\BOOKMARK [2][]{subsection.9.5.1}{\376\377\0009\000.\0005\000.\0001\000\040\000\040\121\154\137\017}{section.9.5}% 177
\BOOKMARK [2][]{subsection.9.5.2}{\376\377\0009\000.\0005\000.\0002\000\040\000\040\124\214\130\153\121\105\176\323\124\010}{section.9.5}% 178
\BOOKMARK [2][]{subsection.9.5.3}{\376\377\0009\000.\0005\000.\0003\000\040\000\040\207\215\124\010\116\015\220\017\146\016\136\246}{section.9.5}% 179
\BOOKMARK [2][]{subsection.9.5.4}{\376\377\0009\000.\0005\000.\0004\000\040\000\040\146\040\134\004\227\142\124\214\124\014\126\376\173\111\145\110\146\362\176\277}{section.9.5}% 180
\BOOKMARK [2][]{subsection.9.5.5}{\376\377\0009\000.\0005\000.\0005\000\040\000\040\172\013\136\217\152\041\142\337\213\345\152\041\137\017\213\241\173\227\176\323\147\234}{section.9.5}% 181
\BOOKMARK [2][]{subsection.9.5.6}{\376\377\0009\000.\0005\000.\0006\000\040\000\040\232\214\213\301}{section.9.5}% 182
\BOOKMARK [1][]{section.9.6}{\376\377\0009\000.\0006\000\040\000\040\160\271\121\111\000P\000i\000n\000L\000i\000g\000h\000t}{chapter.9}% 183
\BOOKMARK [2][]{subsection.9.6.1}{\376\377\0009\000.\0006\000.\0001\000\040\000\040\121\154\137\017}{section.9.6}% 184
\BOOKMARK [2][]{subsection.9.6.2}{\376\377\0009\000.\0006\000.\0002\000\040\000\040\124\214\130\153\121\105\176\323\124\010}{section.9.6}% 185
\BOOKMARK [2][]{subsection.9.6.3}{\376\377\0009\000.\0006\000.\0003\000\040\000\040\207\215\124\010\116\015\220\017\146\016\136\246}{section.9.6}% 186
\BOOKMARK [2][]{subsection.9.6.4}{\376\377\0009\000.\0006\000.\0004\000\040\000\040\146\040\134\004\227\142\124\214\124\014\126\376\173\111\145\110\146\362\176\277}{section.9.6}% 187
\BOOKMARK [2][]{subsection.9.6.5}{\376\377\0009\000.\0006\000.\0005\000\040\000\040\172\013\136\217\152\041\142\337\213\345\152\041\137\017\213\241\173\227\176\323\147\234}{section.9.6}% 188
\BOOKMARK [2][]{subsection.9.6.6}{\376\377\0009\000.\0006\000.\0006\000\040\000\040\232\214\213\301}{section.9.6}% 189
\BOOKMARK [1][]{section.9.7}{\376\377\0009\000.\0007\000\040\000\040\116\256\121\111\000V\000i\000v\000i\000d\000L\000i\000g\000h\000t}{chapter.9}% 190
\BOOKMARK [2][]{subsection.9.7.1}{\376\377\0009\000.\0007\000.\0001\000\040\000\040\121\154\137\017}{section.9.7}% 191
\BOOKMARK [2][]{subsection.9.7.2}{\376\377\0009\000.\0007\000.\0002\000\040\000\040\122\240\116\012\000f\000i\000l\000l}{section.9.7}% 192
\BOOKMARK [2][]{subsection.9.7.3}{\376\377\0009\000.\0007\000.\0003\000\040\000\040\207\215\124\010\116\015\220\017\146\016\136\246}{section.9.7}% 193
\BOOKMARK [2][]{subsection.9.7.4}{\376\377\0009\000.\0007\000.\0004\000\040\000\040\146\040\134\004\227\142\124\214\124\014\126\376\173\111\145\110\146\362\176\277}{section.9.7}% 194
\BOOKMARK [2][]{subsection.9.7.5}{\376\377\0009\000.\0007\000.\0005\000\040\000\040\172\013\136\217\152\041\142\337\213\345\152\041\137\017\213\241\173\227\176\323\147\234}{section.9.7}% 195
\BOOKMARK [2][]{subsection.9.7.6}{\376\377\0009\000.\0007\000.\0006\000\040\000\040\232\214\213\301}{section.9.7}% 196
\BOOKMARK [1][]{section.9.8}{\376\377\0009\000.\0008\000\040\000\040\133\236\202\162\155\367\124\010\000H\000a\000r\000d\000M\000i\000x}{chapter.9}% 197
\BOOKMARK [2][]{subsection.9.8.1}{\376\377\0009\000.\0008\000.\0001\000\040\000\040\121\154\137\017}{section.9.8}% 198
\BOOKMARK [2][]{subsection.9.8.2}{\376\377\0009\000.\0008\000.\0002\000\040\000\040\122\240\116\012\000f\000i\000l\000l}{section.9.8}% 199
\BOOKMARK [2][]{subsection.9.8.3}{\376\377\0009\000.\0008\000.\0003\000\040\000\040\207\215\124\010\116\015\220\017\146\016\136\246}{section.9.8}% 200
\BOOKMARK [2][]{subsection.9.8.4}{\376\377\0009\000.\0008\000.\0004\000\040\000\040\146\040\134\004\227\142\124\214\124\014\126\376\173\111\145\110\146\362\176\277}{section.9.8}% 201
\BOOKMARK [2][]{subsection.9.8.5}{\376\377\0009\000.\0008\000.\0005\000\040\000\040\172\013\136\217\152\041\142\337\213\345\152\041\137\017\213\241\173\227\176\323\147\234}{section.9.8}% 202
\BOOKMARK [2][]{subsection.9.8.6}{\376\377\0009\000.\0008\000.\0006\000\040\000\040\232\214\213\301}{section.9.8}% 203
\BOOKMARK [0][]{chapter.10}{\376\377\0001\0000\000\040\135\356\120\074\176\304}{}% 204
\BOOKMARK [1][]{section.10.1}{\376\377\0001\0000\000.\0001\000\040\000\040\135\356\120\074\000D\000i\000f\000f\000e\000r\000e\000n\000c\000e}{chapter.10}% 205
\BOOKMARK [2][]{subsection.10.1.1}{\376\377\0001\0000\000.\0001\000.\0001\000\040\000\040\121\154\137\017}{section.10.1}% 206
\BOOKMARK [2][]{subsection.10.1.2}{\376\377\0001\0000\000.\0001\000.\0002\000\040\000\040\176\323\124\010\130\153\121\105}{section.10.1}% 207
\BOOKMARK [2][]{subsection.10.1.3}{\376\377\0001\0000\000.\0001\000.\0003\000\040\000\040\207\215\124\010\116\015\220\017\146\016\136\246}{section.10.1}% 208
\BOOKMARK [2][]{subsection.10.1.4}{\376\377\0001\0000\000.\0001\000.\0004\000\040\000\040\146\040\134\004\227\142\124\214\124\014\126\376\173\111\145\110\146\362\176\277}{section.10.1}% 209
\BOOKMARK [2][]{subsection.10.1.5}{\376\377\0001\0000\000.\0001\000.\0005\000\040\000\040\172\013\136\217\152\041\142\337\213\345\152\041\137\017\213\241\173\227\176\323\147\234}{section.10.1}% 210
\BOOKMARK [2][]{subsection.10.1.6}{\376\377\0001\0000\000.\0001\000.\0006\000\040\000\040\232\214\213\301}{section.10.1}% 211
\BOOKMARK [1][]{section.10.2}{\376\377\0001\0000\000.\0002\000\040\000\040\143\222\226\144\000E\000x\000c\000l\000u\000s\000i\000o\000n}{chapter.10}% 212
\BOOKMARK [2][]{subsection.10.2.1}{\376\377\0001\0000\000.\0002\000.\0001\000\040\000\040\121\154\137\017}{section.10.2}% 213
\BOOKMARK [2][]{subsection.10.2.2}{\376\377\0001\0000\000.\0002\000.\0002\000\040\000\040\176\323\124\010\130\153\121\105}{section.10.2}% 214
\BOOKMARK [2][]{subsection.10.2.3}{\376\377\0001\0000\000.\0002\000.\0003\000\040\000\040\207\215\124\010\116\015\220\017\146\016\136\246}{section.10.2}% 215
\BOOKMARK [2][]{subsection.10.2.4}{\376\377\0001\0000\000.\0002\000.\0004\000\040\000\040\131\202\147\234\127\050\213\345\152\041\137\017\116\013\377\014\155\367\124\010\126\376\134\102\146\057\166\175\202\162\377\014\236\321\202\162\142\026\200\005\116\055\140\047\160\160\202\162}{section.10.2}% 216
\BOOKMARK [2][]{subsection.10.2.5}{\376\377\0001\0000\000.\0002\000.\0005\000\040\000\040\146\040\134\004\227\142\124\214\124\014\126\376\173\111\145\110\146\362\176\277}{section.10.2}% 217
\BOOKMARK [2][]{subsection.10.2.6}{\376\377\0001\0000\000.\0002\000.\0006\000\040\000\040\172\013\136\217\152\041\142\337\213\345\152\041\137\017\213\241\173\227\176\323\147\234}{section.10.2}% 218
\BOOKMARK [2][]{subsection.10.2.7}{\376\377\0001\0000\000.\0002\000.\0007\000\040\000\040\232\214\213\301}{section.10.2}% 219
\BOOKMARK [1][]{section.10.3}{\376\377\0001\0000\000.\0003\000\040\000\040\121\317\123\273\000S\000u\000b\000t\000r\000a\000c\000t}{chapter.10}% 220
\BOOKMARK [2][]{subsection.10.3.1}{\376\377\0001\0000\000.\0003\000.\0001\000\040\000\040\121\154\137\017}{section.10.3}% 221
\BOOKMARK [2][]{subsection.10.3.2}{\376\377\0001\0000\000.\0003\000.\0002\000\040\000\040\176\323\124\010\130\153\121\105}{section.10.3}% 222
\BOOKMARK [2][]{subsection.10.3.3}{\376\377\0001\0000\000.\0003\000.\0003\000\040\000\040\207\215\124\010\116\015\220\017\146\016\136\246}{section.10.3}% 223
\BOOKMARK [2][]{subsection.10.3.4}{\376\377\0001\0000\000.\0003\000.\0004\000\040\000\040\146\040\134\004\227\142\124\214\124\014\126\376\173\111\145\110\146\362\176\277}{section.10.3}% 224
\BOOKMARK [2][]{subsection.10.3.5}{\376\377\0001\0000\000.\0003\000.\0005\000\040\000\040\172\013\136\217\152\041\142\337\213\345\152\041\137\017\213\241\173\227\176\323\147\234}{section.10.3}% 225
\BOOKMARK [2][]{subsection.10.3.6}{\376\377\0001\0000\000.\0003\000.\0006\000\040\000\040\232\214\213\301}{section.10.3}% 226
\BOOKMARK [1][]{section.10.4}{\376\377\0001\0000\000.\0004\000\040\000\040\122\022\122\006\000D\000i\000v\000i\000d\000e}{chapter.10}% 227
\BOOKMARK [2][]{subsection.10.4.1}{\376\377\0001\0000\000.\0004\000.\0001\000\040\000\040\121\154\137\017}{section.10.4}% 228
\BOOKMARK [2][]{subsection.10.4.2}{\376\377\0001\0000\000.\0004\000.\0002\000\040\000\040\176\323\124\010\130\153\121\105}{section.10.4}% 229
\BOOKMARK [2][]{subsection.10.4.3}{\376\377\0001\0000\000.\0004\000.\0003\000\040\000\040\207\215\124\010\116\015\220\017\146\016\136\246}{section.10.4}% 230
\BOOKMARK [2][]{subsection.10.4.4}{\376\377\0001\0000\000.\0004\000.\0004\000\040\000\040\116\000\153\041\215\037\162\107\217\154\230\234\202\162\121\317\155\341}{section.10.4}% 231
\BOOKMARK [2][]{subsection.10.4.5}{\376\377\0001\0000\000.\0004\000.\0005\000\040\000\040\146\040\134\004\227\142\124\214\124\014\126\376\173\111\145\110\146\362\176\277}{section.10.4}% 232
\BOOKMARK [2][]{subsection.10.4.6}{\376\377\0001\0000\000.\0004\000.\0006\000\040\000\040\172\013\136\217\152\041\142\337\213\345\152\041\137\017\213\241\173\227\176\323\147\234}{section.10.4}% 233
\BOOKMARK [2][]{subsection.10.4.7}{\376\377\0001\0000\000.\0004\000.\0007\000\040\000\040\232\214\213\301}{section.10.4}% 234
\BOOKMARK [0][]{chapter.11}{\376\377\0001\0001\000\040\230\234\202\162\176\304}{}% 235
\BOOKMARK [1][]{section.11.1}{\376\377\0001\0001\000.\0001\000\040\000R\000G\000B\000H\000S\000Y\217\154\143\142\173\227\154\325}{chapter.11}% 236
\BOOKMARK [1][]{section.11.2}{\376\377\0001\0001\000.\0002\000\040\000H\000S\000Y\146\377\143\142\173\227\154\325}{chapter.11}% 237
\BOOKMARK [1][]{section.11.3}{\376\377\0001\0001\000.\0003\000\040\000\040\202\162\166\370\000H\000u\000e}{chapter.11}% 238
\BOOKMARK [2][]{subsection.11.3.1}{\376\377\0001\0001\000.\0003\000.\0001\000\040\000\040\176\323\124\010\130\153\121\105}{section.11.3}% 239
\BOOKMARK [2][]{subsection.11.3.2}{\376\377\0001\0001\000.\0003\000.\0002\000\040\000\040\207\215\124\010\116\015\220\017\146\016\136\246}{section.11.3}% 240
\BOOKMARK [2][]{subsection.11.3.3}{\376\377\0001\0001\000.\0003\000.\0003\000\040\000\040\172\013\136\217\152\041\142\337\213\345\152\041\137\017\213\241\173\227\176\323\147\234}{section.11.3}% 241
\BOOKMARK [2][]{subsection.11.3.4}{\376\377\0001\0001\000.\0003\000.\0004\000\040\000\040\232\214\213\301}{section.11.3}% 242
\BOOKMARK [1][]{section.11.4}{\376\377\0001\0001\000.\0004\000\040\000\040\231\161\124\214\136\246\000S\000a\000t\000u\000r\000a\000t\000i\000o\000n}{chapter.11}% 243
\BOOKMARK [2][]{subsection.11.4.1}{\376\377\0001\0001\000.\0004\000.\0001\000\040\000\040\121\154\137\017}{section.11.4}% 244
\BOOKMARK [2][]{subsection.11.4.2}{\376\377\0001\0001\000.\0004\000.\0002\000\040\000\040\176\323\124\010\130\153\121\105}{section.11.4}% 245
\BOOKMARK [2][]{subsection.11.4.3}{\376\377\0001\0001\000.\0004\000.\0003\000\040\000\040\207\215\124\010\116\015\220\017\146\016\136\246}{section.11.4}% 246
\BOOKMARK [2][]{subsection.11.4.4}{\376\377\0001\0001\000.\0004\000.\0004\000\040\000\040\172\013\136\217\152\041\142\337\213\345\152\041\137\017\213\241\173\227\176\323\147\234}{section.11.4}% 247
\BOOKMARK [2][]{subsection.11.4.5}{\376\377\0001\0001\000.\0004\000.\0005\000\040\000\040\232\214\213\301}{section.11.4}% 248
\BOOKMARK [1][]{section.11.5}{\376\377\0001\0001\000.\0005\000\040\000\040\230\234\202\162\000C\000o\000l\000o\000r}{chapter.11}% 249
\BOOKMARK [2][]{subsection.11.5.1}{\376\377\0001\0001\000.\0005\000.\0001\000\040\000\040\176\323\124\010\130\153\121\105}{section.11.5}% 250
\BOOKMARK [2][]{subsection.11.5.2}{\376\377\0001\0001\000.\0005\000.\0002\000\040\000\040\207\215\124\010\116\015\220\017\146\016\136\246}{section.11.5}% 251
\BOOKMARK [2][]{subsection.11.5.3}{\376\377\0001\0001\000.\0005\000.\0003\000\040\000\040\172\013\136\217\152\041\142\337\213\345\152\041\137\017\213\241\173\227\176\323\147\234}{section.11.5}% 252
\BOOKMARK [2][]{subsection.11.5.4}{\376\377\0001\0001\000.\0005\000.\0004\000\040\000\040\232\214\213\301}{section.11.5}% 253
\BOOKMARK [1][]{section.11.6}{\376\377\0001\0001\000.\0006\000\040\000\040\146\016\136\246\000L\000u\000m\000i\000n\000o\000s\000i\000t\000y}{chapter.11}% 254
\BOOKMARK [2][]{subsection.11.6.1}{\376\377\0001\0001\000.\0006\000.\0001\000\040\000\040\213\276\177\156\146\016\136\246\377\014\134\061\166\364\143\245\117\177\165\050\213\276\177\156\146\016\136\246}{section.11.6}% 255
\BOOKMARK [2][]{subsection.11.6.2}{\376\377\0001\0001\000.\0006\000.\0002\000\040\000\040\176\323\124\010\130\153\121\105}{section.11.6}% 256
\BOOKMARK [2][]{subsection.11.6.3}{\376\377\0001\0001\000.\0006\000.\0003\000\040\000\040\207\215\124\010\116\015\220\017\146\016\136\246}{section.11.6}% 257
\BOOKMARK [2][]{subsection.11.6.4}{\376\377\0001\0001\000.\0006\000.\0004\000\040\000\040\172\013\136\217\152\041\142\337\213\345\152\041\137\017\213\241\173\227\176\323\147\234}{section.11.6}% 258
\BOOKMARK [2][]{subsection.11.6.5}{\376\377\0001\0001\000.\0006\000.\0005\000\040\000\040\232\214\213\301}{section.11.6}% 259
\BOOKMARK [0][]{chapter.12}{\376\377\0001\0002\000\040\162\171\153\212\166\204\0005\171\315\152\041\137\017}{}% 260
\BOOKMARK [1][]{section.12.1}{\376\377\0001\0002\000.\0001\000\040\000\040\172\177\220\017}{chapter.12}% 261
\BOOKMARK [1][]{section.12.2}{\376\377\0001\0002\000.\0002\000\040\000\040\166\370\122\240}{chapter.12}% 262
\BOOKMARK [1][]{section.12.3}{\376\377\0001\0002\000.\0003\000\040\000\040\166\370\121\317}{chapter.12}% 263
\BOOKMARK [1][]{section.12.4}{\376\377\0001\0002\000.\0004\000\040\000\040\200\314\124\016}{chapter.12}% 264
\BOOKMARK [1][]{section.12.5}{\376\377\0001\0002\000.\0005\000\040\000\040\144\346\226\144}{chapter.12}% 265
\BOOKMARK [0][]{chapter.13}{\376\377\0001\0003\000\040\214\003\145\164\126\376\134\102\124\214\126\376\134\102\155\367\124\010\152\041\137\017}{}% 266
\BOOKMARK [0][]{chapter.14}{\376\377\0001\0004\000\040\135\345\121\167\124\214\155\367\124\010\152\041\137\017}{}% 267
\BOOKMARK [1][]{section.14.1}{\376\377\0001\0004\000.\0001\000\040\165\073\173\024\174\173}{chapter.14}% 268
\BOOKMARK [2][]{subsection.14.1.1}{\376\377\0001\0004\000.\0001\000.\0001\000\040\165\073\173\024\135\345\121\167}{section.14.1}% 269
\BOOKMARK [2][]{subsection.14.1.2}{\376\377\0001\0004\000.\0001\000.\0002\000\040\224\305\173\024\135\345\121\167}{section.14.1}% 270
\BOOKMARK [2][]{subsection.14.1.3}{\376\377\0001\0004\000.\0001\000.\0003\000\040\123\206\123\362\213\260\137\125\165\073\173\024\135\345\121\167}{section.14.1}% 271
\BOOKMARK [2][]{subsection.14.1.4}{\376\377\0001\0004\000.\0001\000.\0004\000\040\123\206\123\362\213\260\137\125\202\172\147\057\165\073\173\024\135\345\121\167}{section.14.1}% 272
\BOOKMARK [2][]{subsection.14.1.5}{\376\377\0001\0004\000.\0001\000.\0005\000\040\117\356\131\015\165\073\173\024\135\345\121\167}{section.14.1}% 273
\BOOKMARK [2][]{subsection.14.1.6}{\376\377\0001\0004\000.\0001\000.\0006\000\040\154\141\160\271\117\356\131\015\165\073\173\024\135\345\121\167}{section.14.1}% 274
\BOOKMARK [2][]{subsection.14.1.7}{\376\377\0001\0004\000.\0001\000.\0007\000\040\230\234\202\162\146\377\143\142\135\345\121\167}{section.14.1}% 275
\BOOKMARK [1][]{section.14.2}{\376\377\0001\0004\000.\0002\000\040\154\271\157\006\150\166\135\345\121\167}{chapter.14}% 276
\BOOKMARK [1][]{section.14.3}{\376\377\0001\0004\000.\0003\000\040\126\376\172\340\174\173}{chapter.14}% 277
\BOOKMARK [2][]{subsection.14.3.1}{\376\377\0001\0004\000.\0003\000.\0001\000\040\116\377\122\066\126\376\172\340}{section.14.3}% 278
\BOOKMARK [2][]{subsection.14.3.2}{\376\377\0001\0004\000.\0003\000.\0002\000\040\126\376\150\110\126\376\172\340\135\345\121\167}{section.14.3}% 279
\BOOKMARK [1][]{section.14.4}{\376\377\0001\0004\000.\0004\000\040\156\020\123\330\135\345\121\167}{chapter.14}% 280
\BOOKMARK [1][]{section.14.5}{\376\377\0001\0004\000.\0005\000\040\213\241\173\227\174\173}{chapter.14}% 281
\BOOKMARK [2][]{subsection.14.5.1}{\376\377\0001\0004\000.\0005\000.\0001\000\040\136\224\165\050\126\376\120\317}{section.14.5}% 282
\BOOKMARK [2][]{subsection.14.5.2}{\376\377\0001\0004\000.\0005\000.\0002\000\040\213\241\173\227}{section.14.5}% 283
\BOOKMARK [1][]{section.14.6}{\376\377\0001\0004\000.\0006\000\040\121\166\116\326}{chapter.14}% 284
\BOOKMARK [2][]{subsection.14.6.1}{\376\377\0001\0004\000.\0006\000.\0001\000\040\225\020\123\026\135\345\121\167}{section.14.6}% 285
\BOOKMARK [2][]{subsection.14.6.2}{\376\377\0001\0004\000.\0006\000.\0002\000\040\152\041\174\312\135\345\121\167}{section.14.6}% 286
\BOOKMARK [2][]{subsection.14.6.3}{\376\377\0001\0004\000.\0006\000.\0003\000\040\155\202\142\271\135\345\121\167}{section.14.6}% 287
\BOOKMARK [0][]{chapter.15}{\376\377\0001\0005\000\040\126\376\134\102\150\067\137\017\124\214\155\367\124\010\152\041\137\017}{}% 288
\BOOKMARK [1][]{section.15.1}{\376\377\0001\0005\000.\0001\000\040\145\234\227\142\124\214\155\156\226\325}{chapter.15}% 289
\BOOKMARK [1][]{section.15.2}{\376\377\0001\0005\000.\0002\000\040\143\317\217\271}{chapter.15}% 290
\BOOKMARK [1][]{section.15.3}{\376\377\0001\0005\000.\0003\000\040\121\205\226\064\137\161}{chapter.15}% 291
\BOOKMARK [1][]{section.15.4}{\376\377\0001\0005\000.\0004\000\040\121\205\123\321\121\111}{chapter.15}% 292
\BOOKMARK [1][]{section.15.5}{\376\377\0001\0005\000.\0005\000\040\121\111\154\375}{chapter.15}% 293
\BOOKMARK [1][]{section.15.6}{\376\377\0001\0005\000.\0006\000\040\230\234\202\162\123\340\122\240}{chapter.15}% 294
\BOOKMARK [1][]{section.15.7}{\376\377\0001\0005\000.\0007\000\040\156\020\123\330\123\340\122\240}{chapter.15}% 295
\BOOKMARK [1][]{section.15.8}{\376\377\0001\0005\000.\0008\000\040\126\376\150\110\123\340\122\240}{chapter.15}% 296
\BOOKMARK [1][]{section.15.9}{\376\377\0001\0005\000.\0009\000\040\131\026\123\321\121\111}{chapter.15}% 297
\BOOKMARK [1][]{section.15.10}{\376\377\0001\0005\000.\0001\0000\000\040\142\225\137\161}{chapter.15}% 298
\BOOKMARK [1][]{section.15.11}{\376\377\0001\0005\000.\0001\0001\000\040\136\070\211\304\155\367\124\010}{chapter.15}% 299
\BOOKMARK [2][]{subsection.15.11.1}{\376\377\0001\0005\000.\0001\0001\000.\0001\000\040\155\367\124\010\152\041\137\017}{section.15.11}% 300
\BOOKMARK [2][]{subsection.15.11.2}{\376\377\0001\0005\000.\0001\0001\000.\0002\000\040\116\015\220\017\146\016\136\246}{section.15.11}% 301
\BOOKMARK [1][]{section.15.12}{\376\377\0001\0005\000.\0001\0002\000\040\232\330\176\247\155\367\124\010}{chapter.15}% 302
\BOOKMARK [2][]{subsection.15.12.1}{\376\377\0001\0005\000.\0001\0002\000.\0001\000\040\130\153\121\105\116\015\220\017\146\016\136\246}{section.15.12}% 303
\BOOKMARK [2][]{subsection.15.12.2}{\376\377\0001\0005\000.\0001\0002\000.\0002\000\040\220\032\220\123}{section.15.12}% 304
\BOOKMARK [2][]{subsection.15.12.3}{\376\377\0001\0005\000.\0001\0002\000.\0003\000\040\143\026\172\172}{section.15.12}% 305
\BOOKMARK [2][]{subsection.15.12.4}{\376\377\0001\0005\000.\0001\0002\000.\0004\000\040\134\006\121\205\220\350\145\110\147\234\155\367\142\020\176\304}{section.15.12}% 306
\BOOKMARK [2][]{subsection.15.12.5}{\376\377\0001\0005\000.\0001\0002\000.\0005\000\040\134\006\122\152\215\064\126\376\134\102\155\367\142\020\176\304}{section.15.12}% 307
\BOOKMARK [2][]{subsection.15.12.6}{\376\377\0001\0005\000.\0001\0002\000.\0006\000\040\220\017\146\016\137\142\162\266\126\376\134\102}{section.15.12}% 308
\BOOKMARK [2][]{subsection.15.12.7}{\376\377\0001\0005\000.\0001\0002\000.\0007\000\040\126\376\134\102\204\231\162\110\226\220\205\317\145\110\147\234}{section.15.12}% 309
\BOOKMARK [2][]{subsection.15.12.8}{\376\377\0001\0005\000.\0001\0002\000.\0008\000\040\167\342\221\317\204\231\162\110\226\220\205\317\145\110\147\234}{section.15.12}% 310
\BOOKMARK [0][]{chapter.16}{\376\377\0001\0006\000\040\155\367\124\010\230\234\202\162\136\046\000B\000l\000e\000n\000d\000\040\000I\000f}{}% 311
\BOOKMARK [1][]{section.16.1}{\376\377\0001\0006\000.\0001\000\040\140\016\116\110\137\000\124\057}{chapter.16}% 312
\BOOKMARK [1][]{section.16.2}{\376\377\0001\0006\000.\0002\000\040\123\237\164\006}{chapter.16}% 313
\BOOKMARK [1][]{section.16.3}{\376\377\0001\0006\000.\0003\000\040\202\162\137\151\152\041\137\017\124\214\230\234\202\162\155\367\124\010\136\046}{chapter.16}% 314
\BOOKMARK [2][]{subsection.16.3.1}{\376\377\0001\0006\000.\0003\000.\0001\000\040\000R\000G\000B}{section.16.3}% 315
\BOOKMARK [2][]{subsection.16.3.2}{\376\377\0001\0006\000.\0003\000.\0002\000\040\000C\000M\000Y\000K}{section.16.3}% 316
\BOOKMARK [2][]{subsection.16.3.3}{\376\377\0001\0006\000.\0003\000.\0003\000\040\000L\000A\000B}{section.16.3}% 317
\BOOKMARK [2][]{subsection.16.3.4}{\376\377\0001\0006\000.\0003\000.\0004\000\040\160\160\136\246}{section.16.3}% 318
\BOOKMARK [0][]{chapter.17}{\376\377\0001\0007\000\040\220\037\147\345\210\150}{}% 319
\BOOKMARK [0][]{chapter.18}{\376\377\0001\0008\000\040\123\302\200\003\145\207\150\143}{}% 320
